This file contains any messages produced by compilers while
running configure, to aid debugging if configure makes a mistake.

It was created by configure, which was
generated by GNU Autoconf 2.61.  Invocation command line was

  $ ./configure 

## --------- ##
## Platform. ##
## --------- ##

hostname = illusionismine.local
uname -m = x86_64
uname -r = 13.4.0
uname -s = Darwin
uname -v = Darwin Kernel Version 13.4.0: Wed Dec 17 19:05:52 PST 2014; root:xnu-2422.115.10~1/RELEASE_X86_64

/usr/bin/uname -p = i386
/bin/uname -X     = unknown

/bin/arch              = unknown
/usr/bin/arch -k       = unknown
/usr/convex/getsysinfo = unknown
/usr/bin/hostinfo      = Mach kernel version:
	 Darwin Kernel Version 13.4.0: Wed Dec 17 19:05:52 PST 2014; root:xnu-2422.115.10~1/RELEASE_X86_64
Kernel configured for up to 4 processors.
2 processors are physically available.
4 processors are logically available.
Processor type: i486 (Intel 80486)
Processors active: 0 1 2 3
Primary memory available: 4.00 gigabytes
Default processor set: 181 tasks, 943 threads, 4 processors
Load average: 1.20, Mach factor: 2.78
/bin/machine           = unknown
/usr/bin/oslevel       = unknown
/bin/universe          = unknown

PATH: /usr/bin
PATH: /bin
PATH: /usr/sbin
PATH: /sbin
PATH: /usr/local/bin


## ----------- ##
## Core tests. ##
## ----------- ##

configure:1821: checking for a BSD-compatible install
configure:1877: result: /usr/bin/install -c
configure:1888: checking whether build environment is sane
configure:1931: result: yes
configure:1959: checking for a thread-safe mkdir -p
configure:1998: result: ./install-sh -c -d
configure:2011: checking for gawk
configure:2041: result: no
configure:2011: checking for mawk
configure:2041: result: no
configure:2011: checking for nawk
configure:2041: result: no
configure:2011: checking for awk
configure:2027: found /usr/bin/awk
configure:2038: result: awk
configure:2049: checking whether make sets $(MAKE)
configure:2070: result: yes
configure:2307: checking for gcc
configure:2323: found /usr/bin/gcc
configure:2334: result: gcc
configure:2572: checking for C compiler version
configure:2579: gcc --version >&5
Configured with: --prefix=/Applications/Xcode.app/Contents/Developer/usr --with-gxx-include-dir=/Applications/Xcode.app/Contents/Developer/Platforms/MacOSX.platform/Developer/SDKs/MacOSX10.9.sdk/usr/include/c++/4.2.1
Apple LLVM version 6.0 (clang-600.0.51) (based on LLVM 3.5svn)
Target: x86_64-apple-darwin13.4.0
Thread model: posix
configure:2582: $? = 0
configure:2589: gcc -v >&5
Configured with: --prefix=/Applications/Xcode.app/Contents/Developer/usr --with-gxx-include-dir=/Applications/Xcode.app/Contents/Developer/Platforms/MacOSX.platform/Developer/SDKs/MacOSX10.9.sdk/usr/include/c++/4.2.1
Apple LLVM version 6.0 (clang-600.0.51) (based on LLVM 3.5svn)
Target: x86_64-apple-darwin13.4.0
Thread model: posix
configure:2592: $? = 0
configure:2599: gcc -V >&5
clang: error: argument to '-V' is missing (expected 1 value)
clang: error: no input files
configure:2602: $? = 1
configure:2625: checking for C compiler default output file name
configure:2652: gcc    conftest.c  >&5
configure:2655: $? = 0
configure:2693: result: a.out
configure:2710: checking whether the C compiler works
configure:2720: ./a.out
configure:2723: $? = 0
configure:2740: result: yes
configure:2747: checking whether we are cross compiling
configure:2749: result: no
configure:2752: checking for suffix of executables
configure:2759: gcc -o conftest    conftest.c  >&5
configure:2762: $? = 0
configure:2786: result: 
configure:2792: checking for suffix of object files
configure:2818: gcc -c   conftest.c >&5
configure:2821: $? = 0
configure:2844: result: o
configure:2848: checking whether we are using the GNU C compiler
configure:2877: gcc -c   conftest.c >&5
configure:2883: $? = 0
configure:2900: result: yes
configure:2905: checking whether gcc accepts -g
configure:2935: gcc -c -g  conftest.c >&5
configure:2941: $? = 0
configure:3040: result: yes
configure:3057: checking for gcc option to accept ISO C89
configure:3131: gcc  -c -g -O2  conftest.c >&5
configure:3137: $? = 0
configure:3160: result: none needed
configure:3189: checking for style of include used by make
configure:3217: result: GNU
configure:3242: checking dependency style of gcc
configure:3333: result: gcc3
configure:3379: checking build system type
configure:3397: result: i386-apple-darwin13.4.0
configure:3419: checking host system type
configure:3434: result: i386-apple-darwin13.4.0
configure:3477: checking how to print strings
configure:3504: result: printf
configure:3525: checking for a sed that does not truncate output
configure:3604: result: /usr/bin/sed
configure:3622: checking for grep that handles long lines and -e
configure:3696: result: /usr/bin/grep
configure:3701: checking for egrep
configure:3779: result: /usr/bin/grep -E
configure:3784: checking for fgrep
configure:3862: result: /usr/bin/grep -F
configure:3897: checking for ld used by gcc
configure:3964: result: /Applications/Xcode.app/Contents/Developer/Toolchains/XcodeDefault.xctoolchain/usr/bin/ld
configure:3973: checking if the linker (/Applications/Xcode.app/Contents/Developer/Toolchains/XcodeDefault.xctoolchain/usr/bin/ld) is GNU ld
configure:3988: result: no
configure:4000: checking for BSD- or MS-compatible name lister (nm)
configure:4049: result: /usr/bin/nm
configure:4183: checking the name lister (/usr/bin/nm) interface
configure:4190: gcc -c -g -O2  conftest.c >&5
configure:4193: /usr/bin/nm "conftest.o"
configure:4196: output
000000000000022c S _some_variable
configure:4203: result: BSD nm
configure:4206: checking whether ln -s works
configure:4210: result: yes
configure:4218: checking the maximum length of command line arguments
configure:4343: result: 196608
configure:4360: checking whether the shell understands some XSI constructs
configure:4370: result: yes
configure:4374: checking whether the shell understands "+="
configure:4380: result: yes
configure:4415: checking for /Applications/Xcode.app/Contents/Developer/Toolchains/XcodeDefault.xctoolchain/usr/bin/ld option to reload object files
configure:4422: result: -r
configure:4491: checking for objdump
configure:4521: result: no
configure:4554: checking how to recognize dependent libraries
configure:4756: result: pass_all
configure:4816: checking for ar
configure:4832: found /usr/bin/ar
configure:4843: result: ar
configure:4925: checking for strip
configure:4941: found /usr/bin/strip
configure:4952: result: strip
configure:5028: checking for ranlib
configure:5044: found /usr/bin/ranlib
configure:5055: result: ranlib
configure:5161: checking command to parse /usr/bin/nm output from gcc object
configure:5279: gcc -c -g -O2  conftest.c >&5
configure:5282: $? = 0
configure:5286: /usr/bin/nm conftest.o \| sed -n -e 's/^.*[ ]\([BCDEGRST][BCDEGRST]*\)[ ][ ]*\([_A-Za-z][_A-Za-z0-9]*\)$/\1 \2 \2/p' \> conftest.nm
configure:5289: $? = 0
cannot find nm_test_var in conftest.nm
configure:5279: gcc -c -g -O2  conftest.c >&5
configure:5282: $? = 0
configure:5286: /usr/bin/nm conftest.o \| sed -n -e 's/^.*[ ]\([BCDEGRST][BCDEGRST]*\)[ ][ ]*_\([_A-Za-z][_A-Za-z0-9]*\)$/\1 _\2 \2/p' \> conftest.nm
configure:5289: $? = 0
configure:5343: gcc -o conftest -g -O2   conftest.c conftstm.o >&5
configure:5346: $? = 0
configure:5384: result: ok
configure:5674: checking for dsymutil
configure:5690: found /usr/bin/dsymutil
configure:5701: result: dsymutil
configure:5770: checking for nmedit
configure:5786: found /usr/bin/nmedit
configure:5797: result: nmedit
configure:5866: checking for lipo
configure:5882: found /usr/bin/lipo
configure:5893: result: lipo
configure:5962: checking for otool
configure:5978: found /usr/bin/otool
configure:5989: result: otool
configure:6058: checking for otool64
configure:6088: result: no
configure:6137: checking for -single_module linker flag
gcc -g -O2  -o libconftest.dylib -dynamiclib -Wl,-single_module conftest.c
configure:6164: result: yes
configure:6166: checking for -exported_symbols_list linker flag
configure:6196: gcc -o conftest -g -O2   -Wl,-exported_symbols_list,conftest.sym conftest.c  >&5
configure:6202: $? = 0
configure:6221: result: yes
configure:6223: checking for -force_load linker flag
gcc -g -O2 -c -o conftest.o conftest.c
ar cru libconftest.a conftest.o
ranlib libconftest.a
gcc -g -O2  -o conftest conftest.c -Wl,-force_load,./libconftest.a
configure:6253: result: yes
configure:6295: checking how to run the C preprocessor
configure:6335: gcc -E  conftest.c
configure:6341: $? = 0
configure:6372: gcc -E  conftest.c
conftest.c:10:10: fatal error: 'ac_nonexistent.h' file not found
#include <ac_nonexistent.h>
         ^
1 error generated.
configure:6378: $? = 1
configure: failed program was:
| /* confdefs.h.  */
| #define PACKAGE_NAME ""
| #define PACKAGE_TARNAME ""
| #define PACKAGE_VERSION ""
| #define PACKAGE_STRING ""
| #define PACKAGE_BUGREPORT ""
| #define PACKAGE "libusrsctp"
| #define VERSION "0.9.1"
| /* end confdefs.h.  */
| #include <ac_nonexistent.h>
configure:6411: result: gcc -E
configure:6440: gcc -E  conftest.c
configure:6446: $? = 0
configure:6477: gcc -E  conftest.c
conftest.c:10:10: fatal error: 'ac_nonexistent.h' file not found
#include <ac_nonexistent.h>
         ^
1 error generated.
configure:6483: $? = 1
configure: failed program was:
| /* confdefs.h.  */
| #define PACKAGE_NAME ""
| #define PACKAGE_TARNAME ""
| #define PACKAGE_VERSION ""
| #define PACKAGE_STRING ""
| #define PACKAGE_BUGREPORT ""
| #define PACKAGE "libusrsctp"
| #define VERSION "0.9.1"
| /* end confdefs.h.  */
| #include <ac_nonexistent.h>
configure:6521: checking for ANSI C header files
configure:6551: gcc -c -g -O2  conftest.c >&5
configure:6557: $? = 0
configure:6656: gcc -o conftest -g -O2   conftest.c  >&5
configure:6659: $? = 0
configure:6665: ./conftest
configure:6668: $? = 0
configure:6685: result: yes
configure:6709: checking for sys/types.h
configure:6730: gcc -c -g -O2  conftest.c >&5
configure:6736: $? = 0
configure:6752: result: yes
configure:6709: checking for sys/stat.h
configure:6730: gcc -c -g -O2  conftest.c >&5
configure:6736: $? = 0
configure:6752: result: yes
configure:6709: checking for stdlib.h
configure:6730: gcc -c -g -O2  conftest.c >&5
configure:6736: $? = 0
configure:6752: result: yes
configure:6709: checking for string.h
configure:6730: gcc -c -g -O2  conftest.c >&5
configure:6736: $? = 0
configure:6752: result: yes
configure:6709: checking for memory.h
configure:6730: gcc -c -g -O2  conftest.c >&5
configure:6736: $? = 0
configure:6752: result: yes
configure:6709: checking for strings.h
configure:6730: gcc -c -g -O2  conftest.c >&5
configure:6736: $? = 0
configure:6752: result: yes
configure:6709: checking for inttypes.h
configure:6730: gcc -c -g -O2  conftest.c >&5
configure:6736: $? = 0
configure:6752: result: yes
configure:6709: checking for stdint.h
configure:6730: gcc -c -g -O2  conftest.c >&5
configure:6736: $? = 0
configure:6752: result: yes
configure:6709: checking for unistd.h
configure:6730: gcc -c -g -O2  conftest.c >&5
configure:6736: $? = 0
configure:6752: result: yes
configure:6768: checking for dlfcn.h
configure:6789: gcc -c -g -O2  conftest.c >&5
configure:6795: $? = 0
configure:6811: result: yes
configure:6998: checking for objdir
configure:7013: result: .libs
configure:7280: checking if gcc supports -fno-rtti -fno-exceptions
configure:7298: gcc -c -g -O2  -fno-rtti -fno-exceptions conftest.c >&5
configure:7302: $? = 0
configure:7315: result: yes
configure:7335: checking for gcc option to produce PIC
configure:7620: result: -fno-common -DPIC
configure:7632: checking if gcc PIC flag -fno-common -DPIC works
configure:7650: gcc -c -g -O2  -fno-common -DPIC -DPIC conftest.c >&5
configure:7654: $? = 0
configure:7667: result: yes
configure:7691: checking if gcc static flag -static works
configure:7719: result: no
configure:7734: checking if gcc supports -c -o file.o
configure:7755: gcc -c -g -O2  -o out/conftest2.o conftest.c >&5
configure:7759: $? = 0
configure:7781: result: yes
configure:7789: checking if gcc supports -c -o file.o
configure:7836: result: yes
configure:7869: checking whether the gcc linker (/Applications/Xcode.app/Contents/Developer/Toolchains/XcodeDefault.xctoolchain/usr/bin/ld) supports shared libraries
configure:9020: result: yes
configure:9265: checking dynamic linker characteristics
configure:9970: result: darwin13.4.0 dyld
configure:10077: checking how to hardcode library paths into programs
configure:10102: result: immediate
configure:10927: checking whether stripping libraries is possible
configure:10941: result: yes
configure:10967: checking if libtool supports shared libraries
configure:10969: result: yes
configure:10972: checking whether to build shared libraries
configure:10993: result: yes
configure:10996: checking whether to build static libraries
configure:11000: result: yes
configure:11035: checking host system type
configure:11050: result: i386-apple-darwin13.4.0
configure:11106: checking for size_t
configure:11136: gcc -c -g -O2 -Wall -g -O0 -DINET -DINET6 -DUSE_SCTP_SHA1 -DSCTP_PROCESS_LEVEL_LOCKS -DSCTP_SIMPLE_ALLOCATOR -D__Userspace__ -D__APPLE_USE_RFC_2292 -U__APPLE__ -D__Userspace_os_Darwin  conftest.c >&5
configure:11142: $? = 0
configure:11157: result: yes
configure:11160: checking for ssize_t
configure:11190: gcc -c -g -O2 -Wall -g -O0 -DINET -DINET6 -DUSE_SCTP_SHA1 -DSCTP_PROCESS_LEVEL_LOCKS -DSCTP_SIMPLE_ALLOCATOR -D__Userspace__ -D__APPLE_USE_RFC_2292 -U__APPLE__ -D__Userspace_os_Darwin  conftest.c >&5
configure:11196: $? = 0
configure:11211: result: yes
configure:11219: checking for socket
configure:11275: gcc -o conftest -g -O2 -Wall -g -O0 -DINET -DINET6 -DUSE_SCTP_SHA1 -DSCTP_PROCESS_LEVEL_LOCKS -DSCTP_SIMPLE_ALLOCATOR -D__Userspace__ -D__APPLE_USE_RFC_2292 -U__APPLE__ -D__Userspace_os_Darwin   conftest.c  >&5
configure:11281: $? = 0
configure:11299: result: yes
configure:11385: checking for inet_addr
configure:11441: gcc -o conftest -g -O2 -Wall -g -O0 -DINET -DINET6 -DUSE_SCTP_SHA1 -DSCTP_PROCESS_LEVEL_LOCKS -DSCTP_SIMPLE_ALLOCATOR -D__Userspace__ -D__APPLE_USE_RFC_2292 -U__APPLE__ -D__Userspace_os_Darwin   conftest.c  >&5
configure:11447: $? = 0
configure:11465: result: yes
configure:11553: checking for sys/types.h
configure:11559: result: yes
configure:11688: checking for struct sockaddr_in.sin_len
configure:11720: gcc -c -g -O2 -Wall -g -O0 -DINET -DINET6 -DUSE_SCTP_SHA1 -DSCTP_PROCESS_LEVEL_LOCKS -DSCTP_SIMPLE_ALLOCATOR -D__Userspace__ -D__APPLE_USE_RFC_2292 -U__APPLE__ -D__Userspace_os_Darwin  conftest.c >&5
configure:11726: $? = 0
configure:11787: result: yes
configure:11798: checking for socklen_t
configure:11824: gcc -c -g -O2 -Wall -g -O0 -DINET -DINET6 -DUSE_SCTP_SHA1 -DSCTP_PROCESS_LEVEL_LOCKS -DSCTP_SIMPLE_ALLOCATOR -D__Userspace__ -D__APPLE_USE_RFC_2292 -U__APPLE__ -D__Userspace_os_Darwin  conftest.c >&5
configure:11830: $? = 0
configure:11835: result: yes
configure:11998: creating ./config.status

## ---------------------- ##
## Running config.status. ##
## ---------------------- ##

This file was extended by config.status, which was
generated by GNU Autoconf 2.61.  Invocation command line was

  CONFIG_FILES    = 
  CONFIG_HEADERS  = 
  CONFIG_LINKS    = 
  CONFIG_COMMANDS = 
  $ ./config.status 

on illusionismine.local

config.status:833: creating Makefile
config.status:833: creating usrsctplib/Makefile
config.status:833: creating programs/Makefile
config.status:1024: executing depfiles commands
config.status:1024: executing libtool commands

## ---------------- ##
## Cache variables. ##
## ---------------- ##

ac_cv_build=i386-apple-darwin13.4.0
ac_cv_c_compiler_gnu=yes
ac_cv_env_CC_set=
ac_cv_env_CC_value=
ac_cv_env_CFLAGS_set=
ac_cv_env_CFLAGS_value=
ac_cv_env_CPPFLAGS_set=
ac_cv_env_CPPFLAGS_value=
ac_cv_env_CPP_set=
ac_cv_env_CPP_value=
ac_cv_env_LDFLAGS_set=
ac_cv_env_LDFLAGS_value=
ac_cv_env_LIBS_set=
ac_cv_env_LIBS_value=
ac_cv_env_build_alias_set=
ac_cv_env_build_alias_value=
ac_cv_env_host_alias_set=
ac_cv_env_host_alias_value=
ac_cv_env_target_alias_set=
ac_cv_env_target_alias_value=
ac_cv_func_inet_addr=yes
ac_cv_func_socket=yes
ac_cv_header_dlfcn_h=yes
ac_cv_header_inttypes_h=yes
ac_cv_header_memory_h=yes
ac_cv_header_stdc=yes
ac_cv_header_stdint_h=yes
ac_cv_header_stdlib_h=yes
ac_cv_header_string_h=yes
ac_cv_header_strings_h=yes
ac_cv_header_sys_stat_h=yes
ac_cv_header_sys_types_h=yes
ac_cv_header_unistd_h=yes
ac_cv_host=i386-apple-darwin13.4.0
ac_cv_member_struct_sockaddr_in_sin_len=yes
ac_cv_objext=o
ac_cv_path_EGREP='/usr/bin/grep -E'
ac_cv_path_FGREP='/usr/bin/grep -F'
ac_cv_path_GREP=/usr/bin/grep
ac_cv_path_SED=/usr/bin/sed
ac_cv_path_install='/usr/bin/install -c'
ac_cv_prog_AWK=awk
ac_cv_prog_CPP='gcc -E'
ac_cv_prog_ac_ct_AR=ar
ac_cv_prog_ac_ct_CC=gcc
ac_cv_prog_ac_ct_DSYMUTIL=dsymutil
ac_cv_prog_ac_ct_LIPO=lipo
ac_cv_prog_ac_ct_NMEDIT=nmedit
ac_cv_prog_ac_ct_OTOOL=otool
ac_cv_prog_ac_ct_RANLIB=ranlib
ac_cv_prog_ac_ct_STRIP=strip
ac_cv_prog_cc_c89=
ac_cv_prog_cc_g=yes
ac_cv_prog_make_make_set=yes
ac_cv_type_size_t=yes
ac_cv_type_ssize_t=yes
am_cv_CC_dependencies_compiler_type=gcc3
lt_cv_apple_cc_single_mod=yes
lt_cv_deplibs_check_method=pass_all
lt_cv_file_magic_cmd='$MAGIC_CMD'
lt_cv_file_magic_test_file=
lt_cv_ld_exported_symbols_list=yes
lt_cv_ld_force_load=yes
lt_cv_ld_reload_flag=-r
lt_cv_nm_interface='BSD nm'
lt_cv_objdir=.libs
lt_cv_path_LD=/Applications/Xcode.app/Contents/Developer/Toolchains/XcodeDefault.xctoolchain/usr/bin/ld
lt_cv_path_NM=/usr/bin/nm
lt_cv_prog_compiler_c_o=yes
lt_cv_prog_compiler_pic_works=yes
lt_cv_prog_compiler_rtti_exceptions=yes
lt_cv_prog_compiler_static_works=no
lt_cv_prog_gnu_ld=no
lt_cv_sys_global_symbol_pipe='sed -n -e '\''s/^.*[	 ]\([BCDEGRST][BCDEGRST]*\)[	 ][	 ]*_\([_A-Za-z][_A-Za-z0-9]*\)$/\1 _\2 \2/p'\'''
lt_cv_sys_global_symbol_to_c_name_address='sed -n -e '\''s/^: \([^ ]*\) $/  {\"\1\", (void *) 0},/p'\'' -e '\''s/^[BCDEGRST]* \([^ ]*\) \([^ ]*\)$/  {"\2", (void *) \&\2},/p'\'''
lt_cv_sys_global_symbol_to_c_name_address_lib_prefix='sed -n -e '\''s/^: \([^ ]*\) $/  {\"\1\", (void *) 0},/p'\'' -e '\''s/^[BCDEGRST]* \([^ ]*\) \(lib[^ ]*\)$/  {"\2", (void *) \&\2},/p'\'' -e '\''s/^[BCDEGRST]* \([^ ]*\) \([^ ]*\)$/  {"lib\2", (void *) \&\2},/p'\'''
lt_cv_sys_global_symbol_to_cdecl='sed -n -e '\''s/^T .* \(.*\)$/extern int \1();/p'\'' -e '\''s/^[BCDEGRST]* .* \(.*\)$/extern char \1;/p'\'''
lt_cv_sys_max_cmd_len=196608

## ----------------- ##
## Output variables. ##
## ----------------- ##

ACLOCAL='${SHELL} /Users/illusionismine/Desktop/libusrsctp-0.9.1/missing --run aclocal-1.10'
AMDEPBACKSLASH='\'
AMDEP_FALSE='#'
AMDEP_TRUE=''
AMTAR='${SHELL} /Users/illusionismine/Desktop/libusrsctp-0.9.1/missing --run tar'
AR='ar'
AUTOCONF='${SHELL} /Users/illusionismine/Desktop/libusrsctp-0.9.1/missing --run autoconf'
AUTOHEADER='${SHELL} /Users/illusionismine/Desktop/libusrsctp-0.9.1/missing --run autoheader'
AUTOMAKE='${SHELL} /Users/illusionismine/Desktop/libusrsctp-0.9.1/missing --run automake-1.10'
AWK='awk'
CC='gcc'
CCDEPMODE='depmode=gcc3'
CFLAGS='-g -O2 -Wall -g -O0 -DINET -DINET6 -DUSE_SCTP_SHA1 -DSCTP_PROCESS_LEVEL_LOCKS -DSCTP_SIMPLE_ALLOCATOR -D__Userspace__ -D__APPLE_USE_RFC_2292 -U__APPLE__ -D__Userspace_os_Darwin'
CPP='gcc -E'
CPPFLAGS=''
CYGPATH_W='echo'
DEFS='-DPACKAGE_NAME=\"\" -DPACKAGE_TARNAME=\"\" -DPACKAGE_VERSION=\"\" -DPACKAGE_STRING=\"\" -DPACKAGE_BUGREPORT=\"\" -DPACKAGE=\"libusrsctp\" -DVERSION=\"0.9.1\" -DSTDC_HEADERS=1 -DHAVE_SYS_TYPES_H=1 -DHAVE_SYS_STAT_H=1 -DHAVE_STDLIB_H=1 -DHAVE_STRING_H=1 -DHAVE_MEMORY_H=1 -DHAVE_STRINGS_H=1 -DHAVE_INTTYPES_H=1 -DHAVE_STDINT_H=1 -DHAVE_UNISTD_H=1 -DHAVE_DLFCN_H=1 -DLT_OBJDIR=\".libs/\" -DSCTP_DEBUG=1 -DHAVE_SOCKET=1 -DHAVE_INET_ADDR=1 -DHAVE_SYS_TYPES_H=1 -DHAVE_SIN_LEN=1'
DEPDIR='.deps'
DSYMUTIL='dsymutil'
DUMPBIN=''
ECHO_C='ECHO_N=''
ECHO_T=''
EGREP='/usr/bin/grep -E'
EXEEXT=''
FGREP='/usr/bin/grep -F'
GREP='/usr/bin/grep'
INSTALL_DATA='${INSTALL} -m 644'
INSTALL_PROGRAM='${INSTALL}'
INSTALL_SCRIPT='${INSTALL}'
INSTALL_STRIP_PROGRAM='$(install_sh) -c -s'
LD='/Applications/Xcode.app/Contents/Developer/Toolchains/XcodeDefault.xctoolchain/usr/bin/ld'
LDFLAGS=''
LIBOBJS=''
LIBS=''
LIBTOOL='$(SHELL) $(top_builddir)/libtool'
LIPO='lipo'
LN_S='ln -s'
LTLIBOBJS=''
MAKEINFO='${SHELL} /Users/illusionismine/Desktop/libusrsctp-0.9.1/missing --run makeinfo'
NM='/usr/bin/nm'
NMEDIT='nmedit'
OBJDUMP='false'
OBJEXT='o'
OTOOL64=':'
OTOOL='otool'
PACKAGE='libusrsctp'
PACKAGE_BUGREPORT=''
PACKAGE_NAME=''
PACKAGE_STRING=''
PACKAGE_TARNAME=''
PACKAGE_VERSION=''
PATH_SEPARATOR=':'
RANLIB='ranlib'
SED='/usr/bin/sed'
SET_MAKE=''
SHELL='/bin/sh'
STRIP='strip'
VERSION='0.9.1'
ac_ct_CC='gcc'
ac_ct_DUMPBIN=''
am__fastdepCC_FALSE='#'
am__fastdepCC_TRUE=''
am__include='include'
am__isrc=''
am__leading_dot='.'
am__quote=''
am__tar='${AMTAR} chof - "$$tardir"'
am__untar='${AMTAR} xf -'
bindir='${exec_prefix}/bin'
build='i386-apple-darwin13.4.0'
build_alias=''
build_cpu='i386'
build_os='darwin13.4.0'
build_vendor='apple'
datadir='${datarootdir}'
datarootdir='${prefix}/share'
docdir='${datarootdir}/doc/${PACKAGE}'
dvidir='${docdir}'
exec_prefix='${prefix}'
host='i386-apple-darwin13.4.0'
host_alias=''
host_cpu='i386'
host_os='darwin13.4.0'
host_vendor='apple'
htmldir='${docdir}'
includedir='${prefix}/include'
infodir='${datarootdir}/info'
install_sh='$(SHELL) /Users/illusionismine/Desktop/libusrsctp-0.9.1/install-sh'
libdir='${exec_prefix}/lib'
libexecdir='${exec_prefix}/libexec'
localedir='${datarootdir}/locale'
localstatedir='${prefix}/var'
mandir='${datarootdir}/man'
mkdir_p='$(top_builddir)/./install-sh -c -d'
oldincludedir='/usr/include'
pdfdir='${docdir}'
prefix='/usr/local'
program_transform_name='s,x,x,'
psdir='${docdir}'
sbindir='${exec_prefix}/sbin'
sharedstatedir='${prefix}/com'
sysconfdir='${prefix}/etc'
target_alias=''

## ----------- ##
## confdefs.h. ##
## ----------- ##

#define PACKAGE_NAME ""
#define PACKAGE_TARNAME ""
#define PACKAGE_VERSION ""
#define PACKAGE_STRING ""
#define PACKAGE_BUGREPORT ""
#define PACKAGE "libusrsctp"
#define VERSION "0.9.1"
#define STDC_HEADERS 1
#define HAVE_SYS_TYPES_H 1
#define HAVE_SYS_STAT_H 1
#define HAVE_STDLIB_H 1
#define HAVE_STRING_H 1
#define HAVE_MEMORY_H 1
#define HAVE_STRINGS_H 1
#define HAVE_INTTYPES_H 1
#define HAVE_STDINT_H 1
#define HAVE_UNISTD_H 1
#define HAVE_DLFCN_H 1
#define LT_OBJDIR ".libs/"
#define SCTP_DEBUG 1
#define HAVE_SOCKET 1
#define HAVE_INET_ADDR 1
#define HAVE_SYS_TYPES_H 1
#define HAVE_SIN_LEN 1

configure: exit 0
